{"/Users/stevenfernandez/Desktop/PAYLINK_TST/frontend/paylinkFTA/src/app/app.component.html": {"path":"/Users/stevenfernandez/Desktop/PAYLINK_TST/frontend/paylinkFTA/src/app/app.component.html","statementMap":{"0":{"start":{"line":1,"column":0},"end":{"line":1,"column":36}}},"fnMap":{},"branchMap":{},"s":{"0":1},"f":{},"b":{},"_coverageSchema":"1a1c01bbd47fc00a2c39e90264f33305004495a9","hash":"d5662e4b2fb5823169a0300092dcf453e8188de2"}
,"/Users/stevenfernandez/Desktop/PAYLINK_TST/frontend/paylinkFTA/src/app/app.component.ts": {"path":"/Users/stevenfernandez/Desktop/PAYLINK_TST/frontend/paylinkFTA/src/app/app.component.ts","statementMap":{"0":{"start":{"line":1,"column":0},"end":{"line":1,"column":42}},"1":{"start":{"line":2,"column":0},"end":{"line":2,"column":47}},"2":{"start":{"line":3,"column":0},"end":{"line":3,"column":65}},"3":{"start":{"line":12,"column":7},"end":{"line":14,"column":null}},"4":{"start":{"line":13,"column":2},"end":{"line":13,"column":23}},"5":{"start":{"line":12,"column":13},"end":{"line":12,"column":25}},"6":{"start":{"line":12,"column":13},"end":{"line":14,"column":null}}},"fnMap":{"0":{"name":"(anonymous_0)","decl":{"start":{"line":12,"column":7},"end":{"line":12,"column":13}},"loc":{"start":{"line":12,"column":7},"end":{"line":14,"column":1}}}},"branchMap":{},"s":{"0":1,"1":1,"2":1,"3":1,"4":3,"5":1,"6":1},"f":{"0":3},"b":{}}
,"/Users/stevenfernandez/Desktop/PAYLINK_TST/frontend/paylinkFTA/src/app/components/user/user.component.html": {"path":"/Users/stevenfernandez/Desktop/PAYLINK_TST/frontend/paylinkFTA/src/app/components/user/user.component.html","statementMap":{"0":{"start":{"line":1,"column":0},"end":{"line":1,"column":1680}}},"fnMap":{},"branchMap":{},"s":{"0":1},"f":{},"b":{},"_coverageSchema":"1a1c01bbd47fc00a2c39e90264f33305004495a9","hash":"aef5f55762d6361805c6368887e7d1aff171f019"}
,"/Users/stevenfernandez/Desktop/PAYLINK_TST/frontend/paylinkFTA/src/app/components/user/user.component.ts": {"path":"/Users/stevenfernandez/Desktop/PAYLINK_TST/frontend/paylinkFTA/src/app/components/user/user.component.ts","statementMap":{"0":{"start":{"line":1,"column":0},"end":{"line":1,"column":47}},"1":{"start":{"line":2,"column":0},"end":{"line":2,"column":42}},"2":{"start":{"line":3,"column":0},"end":{"line":3,"column":49}},"3":{"start":{"line":4,"column":0},"end":{"line":4,"column":45}},"4":{"start":{"line":5,"column":0},"end":{"line":5,"column":58}},"5":{"start":{"line":19,"column":22},"end":{"line":19,"column":46}},"6":{"start":{"line":19,"column":56},"end":{"line":19,"column":77}},"7":{"start":{"line":22,"column":4},"end":{"line":27,"column":6}},"8":{"start":{"line":24,"column":23},"end":{"line":24,"column":39}},"9":{"start":{"line":25,"column":8},"end":{"line":25,"column":48}},"10":{"start":{"line":15,"column":13},"end":{"line":15,"column":26}},"11":{"start":{"line":15,"column":13},"end":{"line":30,"column":null}}},"fnMap":{"0":{"name":"(anonymous_0)","decl":{"start":{"line":19,"column":2},"end":{"line":19,"column":22}},"loc":{"start":{"line":19,"column":77},"end":{"line":19,"column":81}}},"1":{"name":"(anonymous_1)","decl":{"start":{"line":21,"column":2},"end":{"line":21,"column":10}},"loc":{"start":{"line":21,"column":10},"end":{"line":28,"column":3}}},"2":{"name":"(anonymous_2)","decl":{"start":{"line":23,"column":16},"end":{"line":23,"column":22}},"loc":{"start":{"line":23,"column":25},"end":{"line":26,"column":7}}}},"branchMap":{},"s":{"0":1,"1":1,"2":1,"3":1,"4":1,"5":0,"6":0,"7":0,"8":0,"9":0,"10":1,"11":1},"f":{"0":0,"1":0,"2":0},"b":{}}
,"/Users/stevenfernandez/Desktop/PAYLINK_TST/frontend/paylinkFTA/src/app/services/user.service.ts": {"path":"/Users/stevenfernandez/Desktop/PAYLINK_TST/frontend/paylinkFTA/src/app/services/user.service.ts","statementMap":{"0":{"start":{"line":1,"column":0},"end":{"line":1,"column":43}},"1":{"start":{"line":2,"column":0},"end":{"line":2,"column":50}},"2":{"start":{"line":12,"column":22},"end":{"line":12,"column":38}},"3":{"start":{"line":10,"column":10},"end":{"line":10,"column":49}},"4":{"start":{"line":15,"column":4},"end":{"line":15,"column":60}},"5":{"start":{"line":9,"column":13},"end":{"line":9,"column":24}},"6":{"start":{"line":9,"column":13},"end":{"line":17,"column":null}}},"fnMap":{"0":{"name":"(anonymous_0)","decl":{"start":{"line":12,"column":2},"end":{"line":12,"column":22}},"loc":{"start":{"line":12,"column":38},"end":{"line":12,"column":42}}},"1":{"name":"(anonymous_1)","decl":{"start":{"line":14,"column":2},"end":{"line":14,"column":9}},"loc":{"start":{"line":14,"column":24},"end":{"line":16,"column":3}}}},"branchMap":{},"s":{"0":2,"1":2,"2":0,"3":0,"4":0,"5":2,"6":2},"f":{"0":0,"1":0},"b":{}}
}
