TN:
SF:src/app/app.component.html
FNF:0
FNH:0
DA:1,1
LF:1
LH:1
BRF:0
BRH:0
end_of_record
TN:
SF:src/app/app.component.ts
FN:12,(anonymous_0)
FNF:1
FNH:1
FNDA:3,(anonymous_0)
DA:1,1
DA:2,1
DA:3,1
DA:12,1
DA:13,3
LF:5
LH:5
BRF:0
BRH:0
end_of_record
TN:
SF:src/app/components/user/user.component.html
FNF:0
FNH:0
DA:1,1
LF:1
LH:1
BRF:0
BRH:0
end_of_record
TN:
SF:src/app/components/user/user.component.ts
FN:19,(anonymous_0)
FN:21,(anonymous_1)
FN:23,(anonymous_2)
FNF:3
FNH:0
FNDA:0,(anonymous_0)
FNDA:0,(anonymous_1)
FNDA:0,(anonymous_2)
DA:1,1
DA:2,1
DA:3,1
DA:4,1
DA:5,1
DA:15,1
DA:19,0
DA:22,0
DA:24,0
DA:25,0
LF:10
LH:6
BRF:0
BRH:0
end_of_record
TN:
SF:src/app/services/user.service.ts
FN:12,(anonymous_0)
FN:14,(anonymous_1)
FNF:2
FNH:0
FNDA:0,(anonymous_0)
FNDA:0,(anonymous_1)
DA:1,2
DA:2,2
DA:9,2
DA:10,0
DA:12,0
DA:15,0
LF:6
LH:3
BRF:0
BRH:0
end_of_record
